
ROM used: 382 (1%)
          382 (1%) including unused fragments

          1 Average locations per line
          35 Average locations per statement

RAM used: 31 (2%) at main() level
          33 (2%) worst case

Stack used: 3 worst case (out of 30 total available)

Lines Stmts  %   Files
----- ----- ---  -----
   36    11 100  atividade4.c
  335     0   0  C:\Program Files (x86)\PICC\devices\18F452.h
----- -----
  371    11 Total

Page ROM  %  RAM   Vol Diff  Functions:
---- --- --- ---   --- ----  ----------
0     38   5   1             @delay_ms1
0     64   8   1   100  2.1  The_first_rtos_task
0     30   4   0    63  1.6  The_second_rtos_task
0    226  30   0    29  1.2  MAIN
0     20   3   0             @const66

Program metrics:
    Functions               3
    Statements              11
    Comments                82
    Volume (V)              270
    Difficilty (D)          4.7
    Effort to implement (E) 1269
    Time to implement (T)   1 minutes
    Est Delivered Bugs (B)  0
    Cyclomatic Complexity   1
    Maintainability (MI)    175

 Segment     Used  Free
-----------  ----  ----
00000-00002     4  0  
00004-07FFE   378  32386  



