
ROM used: 728 (2%)
          728 (2%) including unused fragments

          2 Average locations per line
          81 Average locations per statement

RAM used: 30 (2%) at main() level
          42 (3%) worst case

Stack used: 4 worst case (out of 29 total available)

Lines Stmts  %   Files
----- ----- ---  -----
   36     9 100  atividade3.c
  335     0   0  C:\Program Files (x86)\PICC\devices\18F452.h
----- -----
  371     9 Total

Page ROM  %  RAM   Vol Diff  Functions:
---- --- --- ---   --- ----  ----------
0     74   5   1    96  2.9  The_first_rtos_task
0    124   9   2    48  1.7  The_second_rtos_task
0     32   2   0             @const64
0     40   3   3             @DIV88
0    210  14   6             @PRINTF_D_9600_31766_31767
0    224  15   0    12  0.8  MAIN
0     20   1   0             @const73

Program metrics:
    Functions               3
    Statements              9
    Comments                82
    Volume (V)              220
    Difficilty (D)          4.6
    Effort to implement (E) 1006
    Time to implement (T)   1 minutes
    Est Delivered Bugs (B)  0
    Cyclomatic Complexity   1
    Maintainability (MI)    179

 Segment     Used  Free
-----------  ----  ----
00000-00002     4  0  
00004-07FFE   724  32040  



