
ROM used: 538 (2%)
          538 (2%) including unused fragments

          1 Average locations per line
          60 Average locations per statement

RAM used: 29 (2%) at main() level
          32 (2%) worst case

Stack used: 3 worst case (out of 30 total available)

Lines Stmts  %   Files
----- ----- ---  -----
   39     9 100  atividade1.c
  335     0   0  C:\Program Files (x86)\PICC\devices\18F452.h
----- -----
  374     9 Total

Page ROM  %  RAM   Vol Diff  Functions:
---- --- --- ---   --- ----  ----------
0     50   5   1    61  1.9  The_first_rtos_task
0     26   2   0             @const62
0     38   4   1    17  0.8  The_second_rtos_task
0     26   2   0             @const65
0     38   4   1    17  0.8  The_third_rtos_task
0     26   2   0             @const68
0    264  25   1    47  1.3  MAIN
0     22   2   0             @const71
0     44   4   0             @const72

Program metrics:
    Functions               4
    Statements              9
    Comments                82
    Volume (V)              225
    Difficilty (D)          3.9
    Effort to implement (E) 870
    Time to implement (T)   1 minutes
    Est Delivered Bugs (B)  0
    Cyclomatic Complexity   1
    Maintainability (MI)    170

 Segment     Used  Free
-----------  ----  ----
00000-00002     4  0  
00004-07FFE   534  32230  



