
ROM used: 390 (1%)
          390 (1%) including unused fragments

          1 Average locations per line
          35 Average locations per statement

RAM used: 34 (2%) at main() level
          34 (2%) worst case

Stack used: 2 worst case (out of 31 total available)

Lines Stmts  %   Files
----- ----- ---  -----
   54    11 100  projeto1-1.c
  432     0   0  C:\Program Files (x86)\PICC\devices\18F4550.h
----- -----
  486    11 Total

Page ROM  %  RAM   Vol Diff  Functions:
---- --- --- ---   --- ----  ----------
0     18   2   0    17  0.8  The_first_rtos_task
0     18   2   0    17  0.8  The_second_rtos_task
0     18   2   0    17  0.8  The_third_rtos_task
0     18   2   0    17  0.8  The_fourth_rtos_task
0    290  37   0   104  1.3  MAIN
0     24   3   0             @const71

Program metrics:
    Functions               5
    Statements              11
    Comments                103
    Volume (V)              275
    Difficilty (D)          4.8
    Effort to implement (E) 1304
    Time to implement (T)   1 minutes
    Est Delivered Bugs (B)  0
    Cyclomatic Complexity   1
    Maintainability (MI)    171

 Segment     Used  Free
-----------  ----  ----
00000-00002     4  0  
00004-07CBE   386  31546  



